  Pet.cpp
D:\GitHub\CPE102-Project\Tamagotchi\Tamagotchi\ParticleSystem.h(49,16): warning C4305: 'initializing': truncation from 'double' to 'float'
D:\GitHub\CPE102-Project\Tamagotchi\Tamagotchi\Pet.h(160,25): warning C4305: 'initializing': truncation from 'double' to 'float'
D:\GitHub\CPE102-Project\Tamagotchi\Tamagotchi\Pet.cpp(34,23): warning C4244: '=': conversion from 'int' to 'float', possible loss of data
D:\GitHub\CPE102-Project\Tamagotchi\Tamagotchi\Pet.cpp(35,24): warning C4244: '=': conversion from 'int' to 'float', possible loss of data
D:\GitHub\CPE102-Project\Tamagotchi\Tamagotchi\Pet.cpp(36,25): warning C4244: '=': conversion from 'int' to 'float', possible loss of data
D:\GitHub\CPE102-Project\Tamagotchi\Tamagotchi\Pet.cpp(37,30): warning C4244: '=': conversion from 'int' to 'float', possible loss of data
D:\GitHub\CPE102-Project\Tamagotchi\Tamagotchi\Pet.cpp(38,25): warning C4244: '=': conversion from 'int' to 'float', possible loss of data
D:\GitHub\CPE102-Project\Tamagotchi\Tamagotchi\Pet.cpp(58,22): warning C4305: '=': truncation from 'double' to 'float'
D:\GitHub\CPE102-Project\Tamagotchi\Tamagotchi\Pet.cpp(59,23): warning C4305: '=': truncation from 'double' to 'float'
D:\GitHub\CPE102-Project\Tamagotchi\Tamagotchi\Pet.cpp(60,24): warning C4305: '=': truncation from 'double' to 'float'
D:\GitHub\CPE102-Project\Tamagotchi\Tamagotchi\Pet.cpp(61,55): warning C4305: '=': truncation from 'double' to 'float'
D:\GitHub\CPE102-Project\Tamagotchi\Tamagotchi\Pet.cpp(62,23): warning C4305: '=': truncation from 'double' to 'float'
D:\GitHub\CPE102-Project\Tamagotchi\Tamagotchi\Pet.cpp(71,22): warning C4305: '=': truncation from 'double' to 'float'
D:\GitHub\CPE102-Project\Tamagotchi\Tamagotchi\Pet.cpp(72,23): warning C4305: '=': truncation from 'double' to 'float'
D:\GitHub\CPE102-Project\Tamagotchi\Tamagotchi\Pet.cpp(73,24): warning C4305: '=': truncation from 'double' to 'float'
D:\GitHub\CPE102-Project\Tamagotchi\Tamagotchi\Pet.cpp(74,55): warning C4305: '=': truncation from 'double' to 'float'
D:\GitHub\CPE102-Project\Tamagotchi\Tamagotchi\Pet.cpp(75,23): warning C4305: '=': truncation from 'double' to 'float'
D:\GitHub\CPE102-Project\Tamagotchi\Tamagotchi\Pet.cpp(84,22): warning C4305: '=': truncation from 'double' to 'float'
D:\GitHub\CPE102-Project\Tamagotchi\Tamagotchi\Pet.cpp(85,23): warning C4305: '=': truncation from 'double' to 'float'
D:\GitHub\CPE102-Project\Tamagotchi\Tamagotchi\Pet.cpp(86,24): warning C4305: '=': truncation from 'double' to 'float'
D:\GitHub\CPE102-Project\Tamagotchi\Tamagotchi\Pet.cpp(87,55): warning C4305: '=': truncation from 'double' to 'float'
D:\GitHub\CPE102-Project\Tamagotchi\Tamagotchi\Pet.cpp(88,23): warning C4305: '=': truncation from 'double' to 'float'
D:\GitHub\CPE102-Project\Tamagotchi\Tamagotchi\Pet.cpp(97,21): warning C4305: '=': truncation from 'double' to 'float'
D:\GitHub\CPE102-Project\Tamagotchi\Tamagotchi\Pet.cpp(98,22): warning C4305: '=': truncation from 'double' to 'float'
D:\GitHub\CPE102-Project\Tamagotchi\Tamagotchi\Pet.cpp(99,23): warning C4305: '=': truncation from 'double' to 'float'
D:\GitHub\CPE102-Project\Tamagotchi\Tamagotchi\Pet.cpp(100,54): warning C4305: '=': truncation from 'double' to 'float'
D:\GitHub\CPE102-Project\Tamagotchi\Tamagotchi\Pet.cpp(101,23): warning C4305: '=': truncation from 'double' to 'float'
D:\GitHub\CPE102-Project\Tamagotchi\Tamagotchi\Pet.cpp(126,20): warning C4018: '<': signed/unsigned mismatch
D:\GitHub\CPE102-Project\Tamagotchi\Tamagotchi\Pet.cpp(234,40): warning C4244: '=': conversion from 'double' to 'float', possible loss of data
D:\GitHub\CPE102-Project\Tamagotchi\Tamagotchi\Pet.cpp(238,44): warning C4244: '=': conversion from 'double' to 'float', possible loss of data
D:\GitHub\CPE102-Project\Tamagotchi\Tamagotchi\Pet.cpp(248,90): warning C4244: 'argument': conversion from 'T' to 'T', possible loss of data
          with
          [
              T=int
          ]
          and
          [
              T=float
          ]
D:\GitHub\CPE102-Project\Tamagotchi\Tamagotchi\Pet.cpp(248,73): warning C4244: 'argument': conversion from 'T' to 'T', possible loss of data
          with
          [
              T=int
          ]
          and
          [
              T=float
          ]
D:\GitHub\CPE102-Project\Tamagotchi\Tamagotchi\Pet.cpp(276,26): warning C4244: 'initializing': conversion from 'int' to 'float', possible loss of data
D:\GitHub\CPE102-Project\Tamagotchi\Tamagotchi\Pet.cpp(277,26): warning C4244: 'initializing': conversion from 'double' to 'float', possible loss of data
D:\GitHub\CPE102-Project\Tamagotchi\Tamagotchi\Pet.cpp(334,21): warning C4018: '<': signed/unsigned mismatch
D:\GitHub\CPE102-Project\Tamagotchi\Tamagotchi\Pet.cpp(395,29): warning C4305: '=': truncation from 'double' to 'float'
D:\GitHub\CPE102-Project\Tamagotchi\Tamagotchi\Pet.cpp(399,29): warning C4305: '=': truncation from 'double' to 'float'
D:\GitHub\CPE102-Project\Tamagotchi\Tamagotchi\Pet.cpp(403,29): warning C4305: '=': truncation from 'double' to 'float'
D:\GitHub\CPE102-Project\Tamagotchi\Tamagotchi\Pet.cpp(445,21): warning C4244: '=': conversion from 'float' to 'int', possible loss of data
D:\GitHub\CPE102-Project\Tamagotchi\Tamagotchi\Pet.cpp(526,20): warning C4018: '<': signed/unsigned mismatch
D:\GitHub\CPE102-Project\Tamagotchi\Tamagotchi\Pet.cpp(543,20): warning C4018: '<': signed/unsigned mismatch
D:\GitHub\CPE102-Project\Tamagotchi\Tamagotchi\Pet.cpp(549,20): warning C4018: '<': signed/unsigned mismatch
  Generating code
  2 of 1748 functions ( 0.1%) were compiled, the rest were copied from previous compilation.
    0 functions were new in current compilation
    6 functions had inline decision re-evaluated but remain unchanged
  Finished generating code
  Tamagotchi.vcxproj -> D:\GitHub\CPE102-Project\Tamagotchi\Release\Tamagotchi.exe
