  Animation.cpp
D:\GitHub\CPE102-Project\Tamagotchi\Tamagotchi\Animation.cpp(19,41): warning C4244: '=': conversion from 'float' to 'T', possible loss of data
          with
          [
              T=int
          ]
D:\GitHub\CPE102-Project\Tamagotchi\Tamagotchi\Animation.cpp(20,42): warning C4244: '=': conversion from 'float' to 'T', possible loss of data
          with
          [
              T=int
          ]
D:\GitHub\CPE102-Project\Tamagotchi\Tamagotchi\Animation.cpp(232,40): warning C4244: '=': conversion from 'float' to 'T', possible loss of data
          with
          [
              T=int
          ]
D:\GitHub\CPE102-Project\Tamagotchi\Tamagotchi\Animation.cpp(233,41): warning C4244: '=': conversion from 'float' to 'T', possible loss of data
          with
          [
              T=int
          ]
  BlockBP.cpp
  Button.cpp
D:\GitHub\CPE102-Project\Tamagotchi\Tamagotchi\ParticleSystem.h(49,16): warning C4305: 'initializing': truncation from 'double' to 'float'
D:\GitHub\CPE102-Project\Tamagotchi\Tamagotchi\Pet.h(160,25): warning C4305: 'initializing': truncation from 'double' to 'float'
  Doodle.cpp
D:\GitHub\CPE102-Project\Tamagotchi\Tamagotchi\ParticleSystem.h(49,16): warning C4305: 'initializing': truncation from 'double' to 'float'
D:\GitHub\CPE102-Project\Tamagotchi\Tamagotchi\Pet.h(160,25): warning C4305: 'initializing': truncation from 'double' to 'float'
D:\GitHub\CPE102-Project\Tamagotchi\Tamagotchi\Doodle.cpp(11,79): warning C4244: 'argument': conversion from 'float' to 'T', possible loss of data
          with
          [
              T=int
          ]
D:\GitHub\CPE102-Project\Tamagotchi\Tamagotchi\Doodle.cpp(11,66): warning C4244: 'argument': conversion from 'float' to 'T', possible loss of data
          with
          [
              T=int
          ]
D:\GitHub\CPE102-Project\Tamagotchi\Tamagotchi\Doodle.cpp(136,31): warning C4018: '<': signed/unsigned mismatch
D:\GitHub\CPE102-Project\Tamagotchi\Tamagotchi\Doodle.cpp(160,30): warning C4018: '<': signed/unsigned mismatch
D:\GitHub\CPE102-Project\Tamagotchi\Tamagotchi\Doodle.cpp(223,57): warning C4244: 'argument': conversion from 'float' to 'sf::Uint8', possible loss of data
  Game.cpp
D:\GitHub\CPE102-Project\Tamagotchi\Tamagotchi\ParticleSystem.h(49,16): warning C4305: 'initializing': truncation from 'double' to 'float'
D:\GitHub\CPE102-Project\Tamagotchi\Tamagotchi\Pet.h(160,25): warning C4305: 'initializing': truncation from 'double' to 'float'
D:\GitHub\CPE102-Project\Tamagotchi\Tamagotchi\Game.cpp(23,67): warning C4244: 'argument': conversion from 'int' to 'T', possible loss of data
          with
          [
              T=float
          ]
D:\GitHub\CPE102-Project\Tamagotchi\Tamagotchi\Game.cpp(23,54): warning C4244: 'argument': conversion from 'int' to 'T', possible loss of data
          with
          [
              T=float
          ]
D:\GitHub\CPE102-Project\Tamagotchi\Tamagotchi\Game.cpp(204,74): warning C4244: 'argument': conversion from 'int' to 'T', possible loss of data
          with
          [
              T=float
          ]
D:\GitHub\CPE102-Project\Tamagotchi\Tamagotchi\Game.cpp(204,136): warning C4244: 'argument': conversion from 'int' to 'T', possible loss of data
          with
          [
              T=float
          ]
D:\GitHub\CPE102-Project\Tamagotchi\Tamagotchi\Game.cpp(206,74): warning C4244: 'argument': conversion from 'int' to 'T', possible loss of data
          with
          [
              T=float
          ]
D:\GitHub\CPE102-Project\Tamagotchi\Tamagotchi\Game.cpp(206,155): warning C4244: 'argument': conversion from 'int' to 'T', possible loss of data
          with
          [
              T=float
          ]
D:\GitHub\CPE102-Project\Tamagotchi\Tamagotchi\Game.cpp(273,74): warning C4244: 'argument': conversion from 'int' to 'T', possible loss of data
          with
          [
              T=float
          ]
D:\GitHub\CPE102-Project\Tamagotchi\Tamagotchi\Game.cpp(273,136): warning C4244: 'argument': conversion from 'int' to 'T', possible loss of data
          with
          [
              T=float
          ]
D:\GitHub\CPE102-Project\Tamagotchi\Tamagotchi\Game.cpp(275,74): warning C4244: 'argument': conversion from 'int' to 'T', possible loss of data
          with
          [
              T=float
          ]
D:\GitHub\CPE102-Project\Tamagotchi\Tamagotchi\Game.cpp(275,155): warning C4244: 'argument': conversion from 'int' to 'T', possible loss of data
          with
          [
              T=float
          ]
D:\GitHub\CPE102-Project\Tamagotchi\Tamagotchi\Game.cpp(290,73): warning C4244: 'argument': conversion from 'int' to 'T', possible loss of data
          with
          [
              T=float
          ]
D:\GitHub\CPE102-Project\Tamagotchi\Tamagotchi\Game.cpp(293,73): warning C4244: 'argument': conversion from 'int' to 'T', possible loss of data
          with
          [
              T=float
          ]
D:\GitHub\CPE102-Project\Tamagotchi\Tamagotchi\Game.cpp(325,99): warning C4244: 'argument': conversion from 'float' to 'int', possible loss of data
D:\GitHub\CPE102-Project\Tamagotchi\Tamagotchi\Game.cpp(326,91): warning C4244: 'argument': conversion from 'float' to 'int', possible loss of data
D:\GitHub\CPE102-Project\Tamagotchi\Tamagotchi\Game.cpp(329,103): warning C4244: 'argument': conversion from 'float' to 'int', possible loss of data
D:\GitHub\CPE102-Project\Tamagotchi\Tamagotchi\Game.cpp(330,95): warning C4244: 'argument': conversion from 'float' to 'int', possible loss of data
D:\GitHub\CPE102-Project\Tamagotchi\Tamagotchi\Game.cpp(333,103): warning C4244: 'argument': conversion from 'float' to 'int', possible loss of data
D:\GitHub\CPE102-Project\Tamagotchi\Tamagotchi\Game.cpp(334,95): warning C4244: 'argument': conversion from 'float' to 'int', possible loss of data
D:\GitHub\CPE102-Project\Tamagotchi\Tamagotchi\Game.cpp(337,107): warning C4244: 'argument': conversion from 'float' to 'int', possible loss of data
D:\GitHub\CPE102-Project\Tamagotchi\Tamagotchi\Game.cpp(338,93): warning C4244: 'argument': conversion from 'float' to 'int', possible loss of data
D:\GitHub\CPE102-Project\Tamagotchi\Tamagotchi\Game.cpp(479,80): warning C4244: 'argument': conversion from 'int' to 'T', possible loss of data
          with
          [
              T=float
          ]
D:\GitHub\CPE102-Project\Tamagotchi\Tamagotchi\Game.cpp(479,68): warning C4244: 'argument': conversion from 'int' to 'T', possible loss of data
          with
          [
              T=float
          ]
D:\GitHub\CPE102-Project\Tamagotchi\Tamagotchi\Game.cpp(487,81): warning C4244: 'argument': conversion from 'int' to 'T', possible loss of data
          with
          [
              T=float
          ]
D:\GitHub\CPE102-Project\Tamagotchi\Tamagotchi\Game.cpp(487,68): warning C4244: 'argument': conversion from 'int' to 'T', possible loss of data
          with
          [
              T=float
          ]
D:\GitHub\CPE102-Project\Tamagotchi\Tamagotchi\Game.cpp(509,60): warning C4244: 'argument': conversion from 'int' to 'float', possible loss of data
D:\GitHub\CPE102-Project\Tamagotchi\Tamagotchi\Game.cpp(516,41): warning C4244: 'argument': conversion from 'int' to 'float', possible loss of data
D:\GitHub\CPE102-Project\Tamagotchi\Tamagotchi\Game.cpp(812,60): warning C4244: 'argument': conversion from 'T' to 'float', possible loss of data
          with
          [
              T=int
          ]
D:\GitHub\CPE102-Project\Tamagotchi\Tamagotchi\Game.cpp(812,43): warning C4244: 'argument': conversion from 'T' to 'float', possible loss of data
          with
          [
              T=int
          ]
D:\GitHub\CPE102-Project\Tamagotchi\Tamagotchi\Game.cpp(1140,52): warning C4244: '=': conversion from 'float' to 'int', possible loss of data
  GameObject.cpp
  GravityObject.cpp
  Item.cpp
D:\GitHub\CPE102-Project\Tamagotchi\Tamagotchi\ParticleSystem.h(49,16): warning C4305: 'initializing': truncation from 'double' to 'float'
D:\GitHub\CPE102-Project\Tamagotchi\Tamagotchi\Pet.h(160,25): warning C4305: 'initializing': truncation from 'double' to 'float'
  main.cpp
D:\GitHub\CPE102-Project\Tamagotchi\Tamagotchi\ParticleSystem.h(49,16): warning C4305: 'initializing': truncation from 'double' to 'float'
D:\GitHub\CPE102-Project\Tamagotchi\Tamagotchi\Pet.h(160,25): warning C4305: 'initializing': truncation from 'double' to 'float'
D:\GitHub\CPE102-Project\Tamagotchi\Tamagotchi\main.cpp(25,15): warning C4244: 'argument': conversion from 'time_t' to 'unsigned int', possible loss of data
  ParticleSystem.cpp
D:\GitHub\CPE102-Project\Tamagotchi\Tamagotchi\ParticleSystem.h(49,16): warning C4305: 'initializing': truncation from 'double' to 'float'
D:\GitHub\CPE102-Project\Tamagotchi\Tamagotchi\ParticleSystem.cpp(27,26): warning C4244: '=': conversion from 'float' to 'int', possible loss of data
D:\GitHub\CPE102-Project\Tamagotchi\Tamagotchi\ParticleSystem.cpp(40,23): warning C4244: '=': conversion from 'float' to 'int', possible loss of data
D:\GitHub\CPE102-Project\Tamagotchi\Tamagotchi\ParticleSystem.cpp(68,28): warning C4244: '=': conversion from 'double' to 'float', possible loss of data
D:\GitHub\CPE102-Project\Tamagotchi\Tamagotchi\ParticleSystem.cpp(107,31): warning C4244: '=': conversion from 'double' to 'float', possible loss of data
D:\GitHub\CPE102-Project\Tamagotchi\Tamagotchi\ParticleSystem.cpp(150,32): warning C4244: '=': conversion from 'double' to 'float', possible loss of data
D:\GitHub\CPE102-Project\Tamagotchi\Tamagotchi\ParticleSystem.cpp(230,23): warning C4244: '=': conversion from 'float' to 'int', possible loss of data
  Pet.cpp
D:\GitHub\CPE102-Project\Tamagotchi\Tamagotchi\ParticleSystem.h(49,16): warning C4305: 'initializing': truncation from 'double' to 'float'
D:\GitHub\CPE102-Project\Tamagotchi\Tamagotchi\Pet.h(160,25): warning C4305: 'initializing': truncation from 'double' to 'float'
D:\GitHub\CPE102-Project\Tamagotchi\Tamagotchi\Pet.cpp(34,23): warning C4244: '=': conversion from 'int' to 'float', possible loss of data
D:\GitHub\CPE102-Project\Tamagotchi\Tamagotchi\Pet.cpp(35,24): warning C4244: '=': conversion from 'int' to 'float', possible loss of data
D:\GitHub\CPE102-Project\Tamagotchi\Tamagotchi\Pet.cpp(36,25): warning C4244: '=': conversion from 'int' to 'float', possible loss of data
D:\GitHub\CPE102-Project\Tamagotchi\Tamagotchi\Pet.cpp(37,30): warning C4244: '=': conversion from 'int' to 'float', possible loss of data
D:\GitHub\CPE102-Project\Tamagotchi\Tamagotchi\Pet.cpp(38,25): warning C4244: '=': conversion from 'int' to 'float', possible loss of data
D:\GitHub\CPE102-Project\Tamagotchi\Tamagotchi\Pet.cpp(58,22): warning C4305: '=': truncation from 'double' to 'float'
D:\GitHub\CPE102-Project\Tamagotchi\Tamagotchi\Pet.cpp(59,23): warning C4305: '=': truncation from 'double' to 'float'
D:\GitHub\CPE102-Project\Tamagotchi\Tamagotchi\Pet.cpp(60,24): warning C4305: '=': truncation from 'double' to 'float'
D:\GitHub\CPE102-Project\Tamagotchi\Tamagotchi\Pet.cpp(61,55): warning C4305: '=': truncation from 'double' to 'float'
D:\GitHub\CPE102-Project\Tamagotchi\Tamagotchi\Pet.cpp(62,23): warning C4305: '=': truncation from 'double' to 'float'
D:\GitHub\CPE102-Project\Tamagotchi\Tamagotchi\Pet.cpp(71,22): warning C4305: '=': truncation from 'double' to 'float'
D:\GitHub\CPE102-Project\Tamagotchi\Tamagotchi\Pet.cpp(72,23): warning C4305: '=': truncation from 'double' to 'float'
D:\GitHub\CPE102-Project\Tamagotchi\Tamagotchi\Pet.cpp(73,24): warning C4305: '=': truncation from 'double' to 'float'
D:\GitHub\CPE102-Project\Tamagotchi\Tamagotchi\Pet.cpp(74,55): warning C4305: '=': truncation from 'double' to 'float'
D:\GitHub\CPE102-Project\Tamagotchi\Tamagotchi\Pet.cpp(75,23): warning C4305: '=': truncation from 'double' to 'float'
D:\GitHub\CPE102-Project\Tamagotchi\Tamagotchi\Pet.cpp(84,22): warning C4305: '=': truncation from 'double' to 'float'
D:\GitHub\CPE102-Project\Tamagotchi\Tamagotchi\Pet.cpp(85,23): warning C4305: '=': truncation from 'double' to 'float'
D:\GitHub\CPE102-Project\Tamagotchi\Tamagotchi\Pet.cpp(86,24): warning C4305: '=': truncation from 'double' to 'float'
D:\GitHub\CPE102-Project\Tamagotchi\Tamagotchi\Pet.cpp(87,55): warning C4305: '=': truncation from 'double' to 'float'
D:\GitHub\CPE102-Project\Tamagotchi\Tamagotchi\Pet.cpp(88,23): warning C4305: '=': truncation from 'double' to 'float'
D:\GitHub\CPE102-Project\Tamagotchi\Tamagotchi\Pet.cpp(97,21): warning C4305: '=': truncation from 'double' to 'float'
D:\GitHub\CPE102-Project\Tamagotchi\Tamagotchi\Pet.cpp(98,22): warning C4305: '=': truncation from 'double' to 'float'
D:\GitHub\CPE102-Project\Tamagotchi\Tamagotchi\Pet.cpp(99,23): warning C4305: '=': truncation from 'double' to 'float'
D:\GitHub\CPE102-Project\Tamagotchi\Tamagotchi\Pet.cpp(100,54): warning C4305: '=': truncation from 'double' to 'float'
D:\GitHub\CPE102-Project\Tamagotchi\Tamagotchi\Pet.cpp(101,23): warning C4305: '=': truncation from 'double' to 'float'
D:\GitHub\CPE102-Project\Tamagotchi\Tamagotchi\Pet.cpp(234,40): warning C4244: '=': conversion from 'double' to 'float', possible loss of data
D:\GitHub\CPE102-Project\Tamagotchi\Tamagotchi\Pet.cpp(238,44): warning C4244: '=': conversion from 'double' to 'float', possible loss of data
D:\GitHub\CPE102-Project\Tamagotchi\Tamagotchi\Pet.cpp(248,90): warning C4244: 'argument': conversion from 'T' to 'T', possible loss of data
          with
          [
              T=int
          ]
          and
          [
              T=float
          ]
D:\GitHub\CPE102-Project\Tamagotchi\Tamagotchi\Pet.cpp(248,73): warning C4244: 'argument': conversion from 'T' to 'T', possible loss of data
          with
          [
              T=int
          ]
          and
          [
              T=float
          ]
D:\GitHub\CPE102-Project\Tamagotchi\Tamagotchi\Pet.cpp(276,26): warning C4244: 'initializing': conversion from 'int' to 'float', possible loss of data
D:\GitHub\CPE102-Project\Tamagotchi\Tamagotchi\Pet.cpp(277,26): warning C4244: 'initializing': conversion from 'double' to 'float', possible loss of data
D:\GitHub\CPE102-Project\Tamagotchi\Tamagotchi\Pet.cpp(395,29): warning C4305: '=': truncation from 'double' to 'float'
D:\GitHub\CPE102-Project\Tamagotchi\Tamagotchi\Pet.cpp(399,29): warning C4305: '=': truncation from 'double' to 'float'
D:\GitHub\CPE102-Project\Tamagotchi\Tamagotchi\Pet.cpp(403,29): warning C4305: '=': truncation from 'double' to 'float'
D:\GitHub\CPE102-Project\Tamagotchi\Tamagotchi\Pet.cpp(445,21): warning C4244: '=': conversion from 'float' to 'int', possible loss of data
  PlatformObject.cpp
D:\GitHub\CPE102-Project\Tamagotchi\Tamagotchi\PlatformObject.cpp(20,29): warning C4018: '<': signed/unsigned mismatch
D:\GitHub\CPE102-Project\Tamagotchi\Tamagotchi\PlatformObject.cpp(35,29): warning C4018: '<': signed/unsigned mismatch
D:\GitHub\CPE102-Project\Tamagotchi\Tamagotchi\PlatformObject.cpp(46,29): warning C4018: '<': signed/unsigned mismatch
  Poop.cpp
D:\GitHub\CPE102-Project\Tamagotchi\Tamagotchi\Poop.cpp(51,21): warning C4244: '=': conversion from 'float' to 'int', possible loss of data
  PowerUp.cpp
D:\GitHub\CPE102-Project\Tamagotchi\Tamagotchi\PowerUp.cpp(25,23): warning C4244: 'argument': conversion from 'int' to 'float', possible loss of data
  Shop.cpp
D:\GitHub\CPE102-Project\Tamagotchi\Tamagotchi\ParticleSystem.h(49,16): warning C4305: 'initializing': truncation from 'double' to 'float'
D:\GitHub\CPE102-Project\Tamagotchi\Tamagotchi\Pet.h(160,25): warning C4305: 'initializing': truncation from 'double' to 'float'
D:\GitHub\CPE102-Project\Tamagotchi\Tamagotchi\Shop.cpp(41,58): warning C4244: 'argument': conversion from 'int' to 'float', possible loss of data
D:\GitHub\CPE102-Project\Tamagotchi\Tamagotchi\Shop.cpp(41,34): warning C4244: 'argument': conversion from 'int' to 'float', possible loss of data
D:\GitHub\CPE102-Project\Tamagotchi\Tamagotchi\Shop.cpp(45,59): warning C4244: 'argument': conversion from 'int' to 'float', possible loss of data
D:\GitHub\CPE102-Project\Tamagotchi\Tamagotchi\Shop.cpp(45,35): warning C4244: 'argument': conversion from 'int' to 'float', possible loss of data
D:\GitHub\CPE102-Project\Tamagotchi\Tamagotchi\Shop.cpp(49,57): warning C4244: 'argument': conversion from 'int' to 'float', possible loss of data
D:\GitHub\CPE102-Project\Tamagotchi\Tamagotchi\Shop.cpp(49,33): warning C4244: 'argument': conversion from 'int' to 'float', possible loss of data
D:\GitHub\CPE102-Project\Tamagotchi\Tamagotchi\Shop.cpp(55,60): warning C4244: 'argument': conversion from 'int' to 'float', possible loss of data
D:\GitHub\CPE102-Project\Tamagotchi\Tamagotchi\Shop.cpp(55,43): warning C4244: 'argument': conversion from 'int' to 'float', possible loss of data
D:\GitHub\CPE102-Project\Tamagotchi\Tamagotchi\Shop.cpp(59,60): warning C4244: 'argument': conversion from 'int' to 'float', possible loss of data
D:\GitHub\CPE102-Project\Tamagotchi\Tamagotchi\Shop.cpp(59,43): warning C4244: 'argument': conversion from 'int' to 'float', possible loss of data
D:\GitHub\CPE102-Project\Tamagotchi\Tamagotchi\Shop.cpp(64,60): warning C4244: 'argument': conversion from 'int' to 'float', possible loss of data
D:\GitHub\CPE102-Project\Tamagotchi\Tamagotchi\Shop.cpp(64,43): warning C4244: 'argument': conversion from 'int' to 'float', possible loss of data
D:\GitHub\CPE102-Project\Tamagotchi\Tamagotchi\Shop.cpp(68,53): warning C4244: 'argument': conversion from 'int' to 'T', possible loss of data
          with
          [
              T=float
          ]
D:\GitHub\CPE102-Project\Tamagotchi\Tamagotchi\Shop.cpp(72,52): warning C4244: 'argument': conversion from 'int' to 'T', possible loss of data
          with
          [
              T=float
          ]
D:\GitHub\CPE102-Project\Tamagotchi\Tamagotchi\Shop.cpp(72,89): warning C4244: 'argument': conversion from 'int' to 'T', possible loss of data
          with
          [
              T=float
          ]
D:\GitHub\CPE102-Project\Tamagotchi\Tamagotchi\Shop.cpp(111,119): warning C4244: 'argument': conversion from 'int' to 'T', possible loss of data
          with
          [
              T=float
          ]
D:\GitHub\CPE102-Project\Tamagotchi\Tamagotchi\Shop.cpp(111,102): warning C4244: 'argument': conversion from 'int' to 'T', possible loss of data
          with
          [
              T=float
          ]
D:\GitHub\CPE102-Project\Tamagotchi\Tamagotchi\Shop.cpp(112,139): warning C4244: 'argument': conversion from 'int' to 'T', possible loss of data
          with
          [
              T=float
          ]
D:\GitHub\CPE102-Project\Tamagotchi\Tamagotchi\Shop.cpp(112,122): warning C4244: 'argument': conversion from 'int' to 'T', possible loss of data
          with
          [
              T=float
          ]
D:\GitHub\CPE102-Project\Tamagotchi\Tamagotchi\Shop.cpp(113,142): warning C4244: 'argument': conversion from 'int' to 'T', possible loss of data
          with
          [
              T=float
          ]
D:\GitHub\CPE102-Project\Tamagotchi\Tamagotchi\Shop.cpp(113,125): warning C4244: 'argument': conversion from 'int' to 'T', possible loss of data
          with
          [
              T=float
          ]
D:\GitHub\CPE102-Project\Tamagotchi\Tamagotchi\Shop.cpp(114,145): warning C4244: 'argument': conversion from 'int' to 'T', possible loss of data
          with
          [
              T=float
          ]
D:\GitHub\CPE102-Project\Tamagotchi\Tamagotchi\Shop.cpp(114,129): warning C4244: 'argument': conversion from 'int' to 'T', possible loss of data
          with
          [
              T=float
          ]
D:\GitHub\CPE102-Project\Tamagotchi\Tamagotchi\Shop.cpp(115,135): warning C4244: 'argument': conversion from 'int' to 'T', possible loss of data
          with
          [
              T=float
          ]
D:\GitHub\CPE102-Project\Tamagotchi\Tamagotchi\Shop.cpp(115,119): warning C4244: 'argument': conversion from 'int' to 'T', possible loss of data
          with
          [
              T=float
          ]
D:\GitHub\CPE102-Project\Tamagotchi\Tamagotchi\Shop.cpp(131,119): warning C4244: 'argument': conversion from 'int' to 'T', possible loss of data
          with
          [
              T=float
          ]
D:\GitHub\CPE102-Project\Tamagotchi\Tamagotchi\Shop.cpp(131,102): warning C4244: 'argument': conversion from 'int' to 'T', possible loss of data
          with
          [
              T=float
          ]
D:\GitHub\CPE102-Project\Tamagotchi\Tamagotchi\Shop.cpp(132,140): warning C4244: 'argument': conversion from 'int' to 'T', possible loss of data
          with
          [
              T=float
          ]
D:\GitHub\CPE102-Project\Tamagotchi\Tamagotchi\Shop.cpp(132,123): warning C4244: 'argument': conversion from 'int' to 'T', possible loss of data
          with
          [
              T=float
          ]
D:\GitHub\CPE102-Project\Tamagotchi\Tamagotchi\Shop.cpp(133,142): warning C4244: 'argument': conversion from 'int' to 'T', possible loss of data
          with
          [
              T=float
          ]
D:\GitHub\CPE102-Project\Tamagotchi\Tamagotchi\Shop.cpp(133,125): warning C4244: 'argument': conversion from 'int' to 'T', possible loss of data
          with
          [
              T=float
          ]
D:\GitHub\CPE102-Project\Tamagotchi\Tamagotchi\Shop.cpp(134,147): warning C4244: 'argument': conversion from 'int' to 'T', possible loss of data
          with
          [
              T=float
          ]
D:\GitHub\CPE102-Project\Tamagotchi\Tamagotchi\Shop.cpp(134,130): warning C4244: 'argument': conversion from 'int' to 'T', possible loss of data
          with
          [
              T=float
          ]
D:\GitHub\CPE102-Project\Tamagotchi\Tamagotchi\Shop.cpp(135,137): warning C4244: 'argument': conversion from 'int' to 'T', possible loss of data
          with
          [
              T=float
          ]
D:\GitHub\CPE102-Project\Tamagotchi\Tamagotchi\Shop.cpp(135,120): warning C4244: 'argument': conversion from 'int' to 'T', possible loss of data
          with
          [
              T=float
          ]
D:\GitHub\CPE102-Project\Tamagotchi\Tamagotchi\Shop.cpp(152,119): warning C4244: 'argument': conversion from 'int' to 'T', possible loss of data
          with
          [
              T=float
          ]
D:\GitHub\CPE102-Project\Tamagotchi\Tamagotchi\Shop.cpp(152,102): warning C4244: 'argument': conversion from 'int' to 'T', possible loss of data
          with
          [
              T=float
          ]
D:\GitHub\CPE102-Project\Tamagotchi\Tamagotchi\Shop.cpp(153,140): warning C4244: 'argument': conversion from 'int' to 'T', possible loss of data
          with
          [
              T=float
          ]
D:\GitHub\CPE102-Project\Tamagotchi\Tamagotchi\Shop.cpp(153,123): warning C4244: 'argument': conversion from 'int' to 'T', possible loss of data
          with
          [
              T=float
          ]
D:\GitHub\CPE102-Project\Tamagotchi\Tamagotchi\Shop.cpp(154,142): warning C4244: 'argument': conversion from 'int' to 'T', possible loss of data
          with
          [
              T=float
          ]
D:\GitHub\CPE102-Project\Tamagotchi\Tamagotchi\Shop.cpp(154,125): warning C4244: 'argument': conversion from 'int' to 'T', possible loss of data
          with
          [
              T=float
          ]
D:\GitHub\CPE102-Project\Tamagotchi\Tamagotchi\Shop.cpp(155,147): warning C4244: 'argument': conversion from 'int' to 'T', possible loss of data
          with
          [
              T=float
          ]
D:\GitHub\CPE102-Project\Tamagotchi\Tamagotchi\Shop.cpp(155,130): warning C4244: 'argument': conversion from 'int' to 'T', possible loss of data
          with
          [
              T=float
          ]
D:\GitHub\CPE102-Project\Tamagotchi\Tamagotchi\Shop.cpp(156,137): warning C4244: 'argument': conversion from 'int' to 'T', possible loss of data
          with
          [
              T=float
          ]
D:\GitHub\CPE102-Project\Tamagotchi\Tamagotchi\Shop.cpp(156,120): warning C4244: 'argument': conversion from 'int' to 'T', possible loss of data
          with
          [
              T=float
          ]
D:\GitHub\CPE102-Project\Tamagotchi\Tamagotchi\Shop.cpp(220,36): warning C4244: 'argument': conversion from 'int' to 'float', possible loss of data
D:\GitHub\CPE102-Project\Tamagotchi\Tamagotchi\Shop.cpp(223,62): warning C4244: 'argument': conversion from 'int' to 'T', possible loss of data
          with
          [
              T=float
          ]
D:\GitHub\CPE102-Project\Tamagotchi\Tamagotchi\Shop.cpp(223,45): warning C4244: 'argument': conversion from 'int' to 'T', possible loss of data
          with
          [
              T=float
          ]
D:\GitHub\CPE102-Project\Tamagotchi\Tamagotchi\Shop.cpp(226,71): warning C4244: 'argument': conversion from 'int' to 'T', possible loss of data
          with
          [
              T=float
          ]
D:\GitHub\CPE102-Project\Tamagotchi\Tamagotchi\Shop.cpp(226,45): warning C4244: 'argument': conversion from 'int' to 'T', possible loss of data
          with
          [
              T=float
          ]
D:\GitHub\CPE102-Project\Tamagotchi\Tamagotchi\Shop.cpp(237,42): warning C4244: 'argument': conversion from 'int' to 'float', possible loss of data
D:\GitHub\CPE102-Project\Tamagotchi\Tamagotchi\Shop.cpp(248,51): warning C4244: 'argument': conversion from 'int' to 'float', possible loss of data
D:\GitHub\CPE102-Project\Tamagotchi\Tamagotchi\Shop.cpp(255,43): warning C4244: 'argument': conversion from 'int' to 'float', possible loss of data
D:\GitHub\CPE102-Project\Tamagotchi\Tamagotchi\Shop.cpp(264,51): warning C4244: 'argument': conversion from 'int' to 'float', possible loss of data
D:\GitHub\CPE102-Project\Tamagotchi\Tamagotchi\Shop.cpp(271,41): warning C4244: 'argument': conversion from 'int' to 'float', possible loss of data
D:\GitHub\CPE102-Project\Tamagotchi\Tamagotchi\Shop.cpp(280,51): warning C4244: 'argument': conversion from 'int' to 'float', possible loss of data
  Generating Code...
sfml-graphics-d.lib(sfml-graphics-d-2.dll) : fatal error LNK1112: module machine type 'x86' conflicts with target machine type 'x64'
